#
# A fatal error has been detected by the Java Runtime Environment:
#
#  EXCEPTION_ACCESS_VIOLATION (0xc0000005) at pc=0x00007ff87adaba3b, pid=10940, tid=10476
#
# JRE version: Java(TM) SE Runtime Environment (8.0_40-b25) (build 1.8.0_40-b25)
# Java VM: Java HotSpot(TM) 64-Bit Server VM (25.40-b25 mixed mode windows-amd64 compressed oops)
# Problematic frame:
# C  [ntdll.dll+0x2ba3b]
#
# Failed to write core dump. Minidumps are not enabled by default on client versions of Windows
#
# If you would like to submit a bug report, please visit:
#   http://bugreport.java.com/bugreport/crash.jsp
# The crash happened outside the Java Virtual Machine in native code.
# See problematic frame for where to report the bug.
#

---------------  T H R E A D  ---------------

Current thread (0x0000000019e12000):  JavaThread "AWT-Windows" daemon [_thread_in_native, id=10476, stack(0x000000001a810000,0x000000001a910000)]

siginfo: ExceptionCode=0xc0000005, writing address 0x0000000000000024

Registers:
RAX=0x0000000000000000, RBX=0x000000001bf62cc0, RCX=0x000000001bf62cc0, RDX=0xffffffffffffffff
RSP=0x000000001a90e900, RBP=0x00007ff7d613c000, RSI=0x0000000000000000, RDI=0x0000000000000000
R8 =0x0000000000000000, R9 =0x0000000000000000, R10=0x00000000000053c0, R11=0x000000001a90e7e0
R12=0x0000000000000000, R13=0x000000001722cbd0, R14=0x0000000000000003, R15=0x0000000000000000
RIP=0x00007ff87adaba3b, EFLAGS=0x0000000000010213

Top of Stack: (sp=0x000000001a90e900)
0x000000001a90e900:   ffffffffffffffff 000000001bf62cc0
0x000000001a90e910:   00000000ffff0a5b 0000000000000229
0x000000001a90e920:   000000001bf46670 0000000000000000
0x000000001a90e930:   0000000000000200 00007ff8fffffffa
0x000000001a90e940:   00007ff7d613c000 000000001bf486f0
0x000000001a90e950:   00000000fffffff1 0000000040000280
0x000000001a90e960:   0000000140000100 000000001a90ea18
0x000000001a90e970:   000000001bf43380 0000000000000000
0x000000001a90e980:   0000ca6b537cf697 0000000000000000
0x000000001a90e990:   0000000000000000 0000000000000003
0x000000001a90e9a0:   000000001722cbd0 0000000000000000
0x000000001a90e9b0:   0000000000000000 000000001bf62a00
0x000000001a90e9c0:   0000000000000001 00007ff87adab26b
0x000000001a90e9d0:   000000001bf40928 0000000040000240
0x000000001a90e9e0:   000000001bf62cc0 000000001bf40928
0x000000001a90e9f0:   0000000000000000 00007ff87adab190 

Instructions: (pc=0x00007ff87adaba3b)
0x00007ff87adaba1b:   48 39 7b 18 0f 84 c0 00 00 00 48 83 3b ff 0f 84
0x00007ff87adaba2b:   c3 00 00 00 48 8b 03 44 8b e7 48 83 f8 ff 74 03
0x00007ff87adaba3b:   ff 40 24 4c 8b 6b 18 4c 8d 35 5f 46 11 00 33 ed
0x00007ff87adaba4b:   b8 82 03 fe 7f 8a 08 84 c9 0f 85 9a 3d 07 00 49 


Register to memory mapping:

RAX=0x0000000000000000 is an unknown value
RBX=0x000000001bf62cc0 is an unknown value
RCX=0x000000001bf62cc0 is an unknown value
RDX=0xffffffffffffffff is an unknown value
RSP=0x000000001a90e900 is pointing into the stack for thread: 0x0000000019e12000
RBP=0x00007ff7d613c000 is an unknown value
RSI=0x0000000000000000 is an unknown value
RDI=0x0000000000000000 is an unknown value
R8 =0x0000000000000000 is an unknown value
R9 =0x0000000000000000 is an unknown value
R10=0x00000000000053c0 is an unknown value
R11=0x000000001a90e7e0 is pointing into the stack for thread: 0x0000000019e12000
R12=0x0000000000000000 is an unknown value
R13={method} {0x000000001722cbd8} 'eventLoop' '()V' in 'sun/awt/windows/WToolkit'
R14=0x0000000000000003 is an unknown value
R15=0x0000000000000000 is an unknown value


Stack: [0x000000001a810000,0x000000001a910000],  sp=0x000000001a90e900,  free space=1018k
Native frames: (J=compiled Java code, j=interpreted, Vv=VM code, C=native code)
C  [ntdll.dll+0x2ba3b]
C  [ntdll.dll+0x2b26b]
C  [ntdll.dll+0x2b190]
C  [atiumd64.dll+0x59c30]
C  [atiumd64.dll+0x5a806]
C  [atiumd64.dll+0x1a9af]
C  [atiumd64.dll+0x1ee0]
C  [atiu9p64.dll+0x630d]
C  [d3d9.dll+0x41340]
C  [d3d9.dll+0x41160]
C  [d3d9.dll+0xae34]
C  [d3d9.dll+0x9084]
C  [d3d9.dll+0x23af4]
C  [awt.dll+0x19c07]
C  [awt.dll+0x158b6]
C  [awt.dll+0x1d547]
C  [awt.dll+0x1f2b9]
C  [awt.dll+0xcc0ad]
C  [awt.dll+0xcc5d1]
C  [awt.dll+0xcca77]
C  0x0000000002a43b54

Java frames: (J=compiled Java code, j=interpreted, Vv=VM code)
j  sun.awt.windows.WToolkit.eventLoop()V+0
j  sun.awt.windows.WToolkit.run()V+58
j  java.lang.Thread.run()V+11
v  ~StubRoutines::call_stub

---------------  P R O C E S S  ---------------

Java Threads: ( => current thread )
  0x000000001a378000 JavaThread "Thread-0" daemon [_thread_in_native, id=11528, stack(0x000000001b990000,0x000000001ba90000)]
  0x000000001a37d800 JavaThread "ActiveMQ Transport: tcp://localhost/127.0.0.1:61616@49331" [_thread_in_native, id=11372, stack(0x000000001b210000,0x000000001b310000)]
  0x000000001a376800 JavaThread "ActiveMQ Transport: tcp://localhost/127.0.0.1:61616@49330" [_thread_in_native, id=11352, stack(0x000000001b110000,0x000000001b210000)]
  0x000000001f90b000 JavaThread "ActiveMQ InactivityMonitor WriteCheckTimer" daemon [_thread_blocked, id=11328, stack(0x000000001ae10000,0x000000001af10000)]
  0x000000001f953000 JavaThread "ActiveMQ InactivityMonitor ReadCheckTimer" daemon [_thread_blocked, id=11324, stack(0x000000001ad10000,0x000000001ae10000)]
  0x0000000019ffe800 JavaThread "ActiveMQ Transport: tcp://localhost/127.0.0.1:61616@49329" [_thread_in_native, id=11304, stack(0x000000001ac10000,0x000000001ad10000)]
  0x000000001a1bf800 JavaThread "Keep-Alive-Timer" daemon [_thread_blocked, id=11256, stack(0x0000000022470000,0x0000000022570000)]
  0x000000001a296800 JavaThread "TimerQueue" daemon [_thread_blocked, id=11004, stack(0x0000000022170000,0x0000000022270000)]
  0x000000000292d800 JavaThread "DestroyJavaVM" [_thread_blocked, id=9928, stack(0x00000000027b0000,0x00000000028b0000)]
  0x0000000019e8c800 JavaThread "AWT-EventQueue-0" [_thread_blocked, id=10480, stack(0x000000001bb30000,0x000000001bc30000)]
=>0x0000000019e12000 JavaThread "AWT-Windows" daemon [_thread_in_native, id=10476, stack(0x000000001a810000,0x000000001a910000)]
  0x0000000019e34800 JavaThread "AWT-Shutdown" [_thread_blocked, id=9888, stack(0x000000001a710000,0x000000001a810000)]
  0x0000000019e31800 JavaThread "Java2D Disposer" daemon [_thread_blocked, id=4104, stack(0x000000001a610000,0x000000001a710000)]
  0x000000001977d000 JavaThread "Service Thread" daemon [_thread_blocked, id=4708, stack(0x0000000019b10000,0x0000000019c10000)]
  0x0000000017896000 JavaThread "C1 CompilerThread2" daemon [_thread_blocked, id=10832, stack(0x0000000019610000,0x0000000019710000)]
  0x0000000017894800 JavaThread "C2 CompilerThread1" daemon [_thread_blocked, id=7180, stack(0x0000000019510000,0x0000000019610000)]
  0x0000000017891800 JavaThread "C2 CompilerThread0" daemon [_thread_blocked, id=11248, stack(0x0000000019410000,0x0000000019510000)]
  0x000000001788e000 JavaThread "Attach Listener" daemon [_thread_blocked, id=7656, stack(0x0000000019310000,0x0000000019410000)]
  0x000000001788d000 JavaThread "Signal Dispatcher" daemon [_thread_blocked, id=6440, stack(0x0000000019210000,0x0000000019310000)]
  0x000000001785b800 JavaThread "Finalizer" daemon [_thread_blocked, id=10024, stack(0x0000000019110000,0x0000000019210000)]
  0x000000001785a800 JavaThread "Reference Handler" daemon [_thread_blocked, id=8484, stack(0x0000000019010000,0x0000000019110000)]

Other Threads:
  0x0000000017857800 VMThread [stack: 0x0000000018f10000,0x0000000019010000] [id=9600]
  0x0000000019786000 WatcherThread [stack: 0x0000000019c10000,0x0000000019d10000] [id=4216]

VM state:not at safepoint (normal execution)

VM Mutex/Monitor currently owned by a thread: None

Heap:
 PSYoungGen      total 38400K, used 22964K [0x00000000d5580000, 0x00000000d8000000, 0x0000000100000000)
  eden space 33280K, 69% used [0x00000000d5580000,0x00000000d6bed030,0x00000000d7600000)
  from space 5120K, 0% used [0x00000000d7b00000,0x00000000d7b00000,0x00000000d8000000)
  to   space 5120K, 0% used [0x00000000d7600000,0x00000000d7600000,0x00000000d7b00000)
 ParOldGen       total 43008K, used 7011K [0x0000000080000000, 0x0000000082a00000, 0x00000000d5580000)
  object space 43008K, 16% used [0x0000000080000000,0x00000000806d8cd0,0x0000000082a00000)
 Metaspace       used 26300K, capacity 26698K, committed 27008K, reserved 1073152K
  class space    used 3536K, capacity 3649K, committed 3712K, reserved 1048576K

Card table byte_map: [0x0000000011df0000,0x0000000012200000] byte_map_base: 0x00000000119f0000

Marking Bits: (ParMarkBitMap*) 0x00000000751a4040
 Begin Bits: [0x0000000012ab0000, 0x0000000014ab0000)
 End Bits:   [0x0000000014ab0000, 0x0000000016ab0000)

Polling page: 0x0000000000bc0000

CodeCache: size=245760Kb used=10520Kb max_used=10528Kb free=235239Kb
 bounds [0x0000000002a30000, 0x0000000003490000, 0x0000000011a30000]
 total_blobs=3739 nmethods=3185 adapters=466
 compilation: enabled

Compilation events (10 events):
Event: 24.926 Thread 0x0000000017894800 3401 %     4       java.awt.MultipleGradientPaintContext::interpolate @ 96 (202 bytes)
Event: 24.932 Thread 0x0000000017894800 nmethod 3401% 0x000000000347e050 code [0x000000000347e200, 0x000000000347e858]
Event: 25.676 Thread 0x0000000017896000 3402       3       java.util.logging.LogManager$LoggerContext::getRootLogger (8 bytes)
Event: 25.677 Thread 0x0000000017896000 nmethod 3402 0x000000000347be90 code [0x000000000347bfe0, 0x000000000347c1f0]
Event: 25.677 Thread 0x0000000017896000 3405       3       java.util.logging.LogManager$LoggerContext::requiresDefaultLoggers (29 bytes)
Event: 25.677 Thread 0x0000000017896000 nmethod 3405 0x000000000347b810 code [0x000000000347b980, 0x000000000347bda8]
Event: 25.677 Thread 0x0000000017896000 3404       3       java.util.logging.LogManager::access$100 (4 bytes)
Event: 25.677 Thread 0x0000000017896000 nmethod 3404 0x000000000347f410 code [0x000000000347f560, 0x000000000347f690]
Event: 25.677 Thread 0x0000000017896000 3403       3       java.util.logging.LogManager$LoggerContext::getGlobalLogger (6 bytes)
Event: 25.677 Thread 0x0000000017896000 nmethod 3403 0x000000000347f110 code [0x000000000347f260, 0x000000000347f3b0]

GC Heap History (6 events):
Event: 14.044 GC heap before
{Heap before GC invocations=1 (full 0):
 PSYoungGen      total 38400K, used 33280K [0x00000000d5580000, 0x00000000d8000000, 0x0000000100000000)
  eden space 33280K, 100% used [0x00000000d5580000,0x00000000d7600000,0x00000000d7600000)
  from space 5120K, 0% used [0x00000000d7b00000,0x00000000d7b00000,0x00000000d8000000)
  to   space 5120K, 0% used [0x00000000d7600000,0x00000000d7600000,0x00000000d7b00000)
 ParOldGen       total 87552K, used 0K [0x0000000080000000, 0x0000000085580000, 0x00000000d5580000)
  object space 87552K, 0% used [0x0000000080000000,0x0000000080000000,0x0000000085580000)
 Metaspace       used 18014K, capacity 18234K, committed 18560K, reserved 1064960K
  class space    used 2254K, capacity 2317K, committed 2432K, reserved 1048576K
Event: 14.052 GC heap after
Heap after GC invocations=1 (full 0):
 PSYoungGen      total 38400K, used 4912K [0x00000000d5580000, 0x00000000d8000000, 0x0000000100000000)
  eden space 33280K, 0% used [0x00000000d5580000,0x00000000d5580000,0x00000000d7600000)
  from space 5120K, 95% used [0x00000000d7600000,0x00000000d7acc020,0x00000000d7b00000)
  to   space 5120K, 0% used [0x00000000d7b00000,0x00000000d7b00000,0x00000000d8000000)
 ParOldGen       total 87552K, used 96K [0x0000000080000000, 0x0000000085580000, 0x00000000d5580000)
  object space 87552K, 0% used [0x0000000080000000,0x0000000080018010,0x0000000085580000)
 Metaspace       used 18014K, capacity 18234K, committed 18560K, reserved 1064960K
  class space    used 2254K, capacity 2317K, committed 2432K, reserved 1048576K
}
Event: 15.152 GC heap before
{Heap before GC invocations=2 (full 0):
 PSYoungGen      total 38400K, used 27544K [0x00000000d5580000, 0x00000000d8000000, 0x0000000100000000)
  eden space 33280K, 68% used [0x00000000d5580000,0x00000000d6b9a098,0x00000000d7600000)
  from space 5120K, 95% used [0x00000000d7600000,0x00000000d7acc020,0x00000000d7b00000)
  to   space 5120K, 0% used [0x00000000d7b00000,0x00000000d7b00000,0x00000000d8000000)
 ParOldGen       total 87552K, used 96K [0x0000000080000000, 0x0000000085580000, 0x00000000d5580000)
  object space 87552K, 0% used [0x0000000080000000,0x0000000080018010,0x0000000085580000)
 Metaspace       used 20940K, capacity 21184K, committed 21296K, reserved 1067008K
  class space    used 2807K, capacity 2888K, committed 2944K, reserved 1048576K
Event: 15.161 GC heap after
Heap after GC invocations=2 (full 0):
 PSYoungGen      total 38400K, used 5104K [0x00000000d5580000, 0x00000000d8000000, 0x0000000100000000)
  eden space 33280K, 0% used [0x00000000d5580000,0x00000000d5580000,0x00000000d7600000)
  from space 5120K, 99% used [0x00000000d7b00000,0x00000000d7ffc040,0x00000000d8000000)
  to   space 5120K, 0% used [0x00000000d7600000,0x00000000d7600000,0x00000000d7b00000)
 ParOldGen       total 87552K, used 1963K [0x0000000080000000, 0x0000000085580000, 0x00000000d5580000)
  object space 87552K, 2% used [0x0000000080000000,0x00000000801eaca0,0x0000000085580000)
 Metaspace       used 20940K, capacity 21184K, committed 21296K, reserved 1067008K
  class space    used 2807K, capacity 2888K, committed 2944K, reserved 1048576K
}
Event: 15.161 GC heap before
{Heap before GC invocations=3 (full 1):
 PSYoungGen      total 38400K, used 5104K [0x00000000d5580000, 0x00000000d8000000, 0x0000000100000000)
  eden space 33280K, 0% used [0x00000000d5580000,0x00000000d5580000,0x00000000d7600000)
  from space 5120K, 99% used [0x00000000d7b00000,0x00000000d7ffc040,0x00000000d8000000)
  to   space 5120K, 0% used [0x00000000d7600000,0x00000000d7600000,0x00000000d7b00000)
 ParOldGen       total 87552K, used 1963K [0x0000000080000000, 0x0000000085580000, 0x00000000d5580000)
  object space 87552K, 2% used [0x0000000080000000,0x00000000801eaca0,0x0000000085580000)
 Metaspace       used 20940K, capacity 21184K, committed 21296K, reserved 1067008K
  class space    used 2807K, capacity 2888K, committed 2944K, reserved 1048576K
Event: 15.213 GC heap after
Heap after GC invocations=3 (full 1):
 PSYoungGen      total 38400K, used 0K [0x00000000d5580000, 0x00000000d8000000, 0x0000000100000000)
  eden space 33280K, 0% used [0x00000000d5580000,0x00000000d5580000,0x00000000d7600000)
  from space 5120K, 0% used [0x00000000d7b00000,0x00000000d7b00000,0x00000000d8000000)
  to   space 5120K, 0% used [0x00000000d7600000,0x00000000d7600000,0x00000000d7b00000)
 ParOldGen       total 43008K, used 7011K [0x0000000080000000, 0x0000000082a00000, 0x00000000d5580000)
  object space 43008K, 16% used [0x0000000080000000,0x00000000806d8cd0,0x0000000082a00000)
 Metaspace       used 20940K, capacity 21184K, committed 21296K, reserved 1067008K
  class space    used 2807K, capacity 2888K, committed 2944K, reserved 1048576K
}

Deoptimization events (10 events):
Event: 19.827 Thread 0x0000000019ffe800 Uncommon trap: reason=bimorphic action=maybe_recompile pc=0x00000000031fccb4 method=java.io.DataInputStream.readUnsignedShort()I @ 4
Event: 19.827 Thread 0x0000000019ffe800 Uncommon trap: reason=class_check action=maybe_recompile pc=0x0000000003395a08 method=java.io.DataInputStream.readByte()B @ 4
Event: 19.827 Thread 0x0000000019ffe800 Uncommon trap: reason=bimorphic action=maybe_recompile pc=0x00000000031fccb4 method=java.io.DataInputStream.readUnsignedShort()I @ 4
Event: 19.889 Thread 0x0000000019e8c800 Uncommon trap: reason=unstable_if action=reinterpret pc=0x00000000030a9e10 method=sun.nio.cs.UTF_8$Encoder.encode([CII[B)I @ 33
Event: 19.963 Thread 0x0000000019e8c800 Uncommon trap: reason=unstable_if action=reinterpret pc=0x0000000002ca0c58 method=java.io.WinNTFileSystem.normalize(Ljava/lang/String;)Ljava/lang/String; @ 128
Event: 19.963 Thread 0x0000000019e8c800 Uncommon trap: reason=unstable_if action=reinterpret pc=0x000000000321619c method=java.io.WinNTFileSystem.normalize(Ljava/lang/String;II)Ljava/lang/String; @ 8
Event: 19.981 Thread 0x0000000019e8c800 Uncommon trap: reason=bimorphic action=maybe_recompile pc=0x0000000002ff2678 method=java.io.DataOutputStream.writeShort(I)V @ 12
Event: 19.981 Thread 0x0000000019e8c800 Uncommon trap: reason=bimorphic action=maybe_recompile pc=0x0000000002ff2678 method=java.io.DataOutputStream.writeShort(I)V @ 12
Event: 19.981 Thread 0x0000000019e8c800 Uncommon trap: reason=bimorphic action=maybe_recompile pc=0x0000000002ff2678 method=java.io.DataOutputStream.writeShort(I)V @ 12
Event: 19.990 Thread 0x0000000019e8c800 Uncommon trap: reason=bimorphic action=maybe_recompile pc=0x0000000002ff2678 method=java.io.DataOutputStream.writeShort(I)V @ 12

Internal exceptions (10 events):
Event: 19.363 Thread 0x0000000019e8c800 Exception <a 'java/lang/ClassNotFoundException': com/sun/org/glassfish/hk2/osgiresourcelocator/ServiceLoader> (0x00000000d5eeb0b8) thrown at [D:\re\workspace\8-2-build-windows-amd64-cygwin\jdk8u40\2855\hotspot\src\share\vm\classfile\systemDictionary.cpp, l
Event: 19.370 Thread 0x0000000019e8c800 Exception <a 'java/lang/ClassNotFoundException': javax/servlet/ServletContext> (0x00000000d5f4d930) thrown at [D:\re\workspace\8-2-build-windows-amd64-cygwin\jdk8u40\2855\hotspot\src\share\vm\classfile\systemDictionary.cpp, line 210]
Event: 19.412 Thread 0x0000000019e8c800 Exception <a 'java/lang/ClassNotFoundException': com/sun/org/glassfish/hk2/osgiresourcelocator/ServiceLoader> (0x00000000d5fb49a8) thrown at [D:\re\workspace\8-2-build-windows-amd64-cygwin\jdk8u40\2855\hotspot\src\share\vm\classfile\systemDictionary.cpp, l∂<¬3Œi3@
Event: 19.413 Thread 0x0000000019e8c800 Exception <a 'java/io/FileNotFoundException'> (0x00000000d5fc4920) thrown at [D:\re\workspace\8-2-build-windows-amd64-cygwin\jdk8u40\2855\hotspot\src\share\vm\prims\jni.cpp, line 709]
Event: 19.430 Thread 0x0000000019e8c800 Exception <a 'java/lang/ClassNotFoundException': com/sun/org/glassfish/hk2/osgiresourcelocator/ServiceLoader> (0x00000000d606dcd8) thrown at [D:\re\workspace\8-2-build-windows-amd64-cygwin\jdk8u40\2855\hotspot\src\share\vm\classfile\systemDictionary.cpp, lc∆¨o3@
Event: 19.436 Thread 0x0000000019e8c800 Exception <a 'java/lang/ClassNotFoundException': javax/servlet/ServletContext> (0x00000000d60cdc10) thrown at [D:\re\workspace\8-2-build-windows-amd64-cygwin\jdk8u40\2855\hotspot\src\share\vm\classfile\systemDictionary.cpp, line 210]
Event: 19.450 Thread 0x0000000019e8c800 Exception <a 'java/lang/ClassNotFoundException': com/sun/org/glassfish/hk2/osgiresourcelocator/ServiceLoader> (0x00000000d610bb30) thrown at [D:\re\workspace\8-2-build-windows-amd64-cygwin\jdk8u40\2855\hotspot\src\share\vm\classfile\systemDictionary.cpp, l‘
O}~s3@
Event: 19.451 Thread 0x0000000019e8c800 Exception <a 'java/io/FileNotFoundException'> (0x00000000d611baf8) thrown at [D:\re\workspace\8-2-build-windows-amd64-cygwin\jdk8u40\2855\hotspot\src\share\vm\prims\jni.cpp, line 709]
Event: 19.460 Thread 0x0000000019e8c800 Exception <a 'java/lang/ClassNotFoundException': com/sun/org/glassfish/hk2/osgiresourcelocator/ServiceLoader> (0x00000000d617b500) thrown at [D:\re\workspace\8-2-build-windows-amd64-cygwin\jdk8u40\2855\hotspot\src\share\vm\classfile\systemDictionary.cpp, lãkXùÜw3@
Event: 19.467 Thread 0x0000000019e8c800 Exception <a 'java/lang/ClassNotFoundException': javax/servlet/ServletContext> (0x00000000d61db520) thrown at [D:\re\workspace\8-2-build-windows-amd64-cygwin\jdk8u40\2855\hotspot\src\share\vm\classfile\systemDictionary.cpp, line 210]

Events (10 events):
Event: 25.676 Executing VM operation: RevokeBias
Event: 25.676 Executing VM operation: RevokeBias done
Event: 25.676 Thread 0x000000001a285800 Thread exited: 0x000000001a285800
Event: 25.676 Executing VM operation: RevokeBias
Event: 25.676 Executing VM operation: RevokeBias done
Event: 25.676 Executing VM operation: RevokeBias
Event: 25.676 Executing VM operation: RevokeBias done
Event: 25.677 loading class sun/java2d/pipe/hw/AccelDeviceEventNotifier
Event: 25.677 loading class sun/java2d/pipe/hw/AccelDeviceEventNotifier done
Event: 25.677 Thread 0x000000001a377800 Thread exited: 0x000000001a377800


Dynamic libraries:
0x00007ff7d7270000 - 0x00007ff7d72a7000 	C:\Program Files\Java\jdk1.8.0_40\jre\bin\java.exe
0x00007ff87ad80000 - 0x00007ff87af3d000 	C:\Windows\SYSTEM32\ntdll.dll
0x00007ff8793a0000 - 0x00007ff87944f000 	C:\Windows\system32\KERNEL32.DLL
0x00007ff878190000 - 0x00007ff87835b000 	C:\Windows\system32\KERNELBASE.dll
0x00007ff87ac40000 - 0x00007ff87ace5000 	C:\Windows\system32\ADVAPI32.dll
0x00007ff8795b0000 - 0x00007ff87964e000 	C:\Windows\system32\msvcrt.dll
0x00007ff878dd0000 - 0x00007ff878e2a000 	C:\Windows\system32\sechost.dll
0x00007ff878410000 - 0x00007ff87853f000 	C:\Windows\system32\RPCRT4.dll
0x00007ff878ab0000 - 0x00007ff878c23000 	C:\Windows\system32\USER32.dll
0x00007ff878c50000 - 0x00007ff878dcb000 	C:\Windows\system32\GDI32.dll
0x00007ff875330000 - 0x00007ff87559d000 	C:\Windows\WinSxS\amd64_microsoft.windows.common-controls_6595b64144ccf1df_6.0.9926.0_none_da567e195e60d6ea\COMCTL32.dll
0x00007ff87acf0000 - 0x00007ff87ad25000 	C:\Windows\system32\IMM32.DLL
0x00007ff879450000 - 0x00007ff8795a4000 	C:\Windows\system32\MSCTF.dll
0x00007ff8792e0000 - 0x00007ff87939e000 	C:\Windows\system32\OLEAUT32.dll
0x00007ff878e30000 - 0x00007ff87906e000 	C:\Windows\system32\combase.dll
0x00000000748c0000 - 0x0000000074992000 	C:\Program Files\Java\jdk1.8.0_40\jre\bin\msvcr100.dll
0x00000000749a0000 - 0x0000000075223000 	C:\Program Files\Java\jdk1.8.0_40\jre\bin\server\jvm.dll
0x00007ff8792d0000 - 0x00007ff8792d7000 	C:\Windows\system32\PSAPI.DLL
0x00007ff875c10000 - 0x00007ff875c32000 	C:\Windows\SYSTEM32\WINMM.dll
0x00007ff876280000 - 0x00007ff876289000 	C:\Windows\SYSTEM32\WSOCK32.dll
0x00007ff874510000 - 0x00007ff87451a000 	C:\Windows\SYSTEM32\VERSION.dll
0x00007ff8789e0000 - 0x00007ff878a3a000 	C:\Windows\system32\WS2_32.dll
0x00007ff878aa0000 - 0x00007ff878aa8000 	C:\Windows\system32\NSI.dll
0x0000000001160000 - 0x000000000118b000 	C:\Windows\SYSTEM32\WINMMBASE.dll
0x00007ff878360000 - 0x00007ff8783a3000 	C:\Windows\system32\cfgmgr32.dll
0x00007ff8767c0000 - 0x00007ff8767e7000 	C:\Windows\SYSTEM32\DEVOBJ.dll
0x0000000075e70000 - 0x0000000075e7f000 	C:\Program Files\Java\jdk1.8.0_40\jre\bin\verify.dll
0x0000000074850000 - 0x0000000074879000 	C:\Program Files\Java\jdk1.8.0_40\jre\bin\java.dll
0x0000000074830000 - 0x0000000074846000 	C:\Program Files\Java\jdk1.8.0_40\jre\bin\zip.dll
0x00007ff879650000 - 0x00007ff87ac3a000 	C:\Windows\system32\SHELL32.dll
0x00007ff877e50000 - 0x00007ff877efa000 	C:\Windows\system32\SHCORE.dll
0x00007ff87ad30000 - 0x00007ff87ad80000 	C:\Windows\system32\SHLWAPI.dll
0x00007ff877d50000 - 0x00007ff877d63000 	C:\Windows\SYSTEM32\profapi.dll
0x0000000074650000 - 0x00000000747e8000 	C:\Program Files\Java\jdk1.8.0_40\jre\bin\awt.dll
0x00007ff876640000 - 0x00007ff8766c1000 	C:\Windows\system32\apphelp.dll
0x00007ff877e00000 - 0x00007ff877e27000 	C:\Windows\system32\bcrypt.dll
0x00007ff876940000 - 0x00007ff876a00000 	C:\Windows\system32\uxtheme.dll
0x00007ff875b50000 - 0x00007ff875b72000 	C:\Windows\system32\dwmapi.dll
0x00007ff8790e0000 - 0x00007ff879216000 	C:\Windows\system32\ole32.dll
0x00007ff876a00000 - 0x00007ff876a0c000 	C:\Windows\SYSTEM32\kernel.appcore.dll
0x00007ff877c40000 - 0x00007ff877c4b000 	C:\Windows\SYSTEM32\CRYPTBASE.dll
0x00007ff877bd0000 - 0x00007ff877c34000 	C:\Windows\SYSTEM32\bcryptPrimitives.dll
0x0000000074600000 - 0x0000000074647000 	C:\Program Files\Java\jdk1.8.0_40\jre\bin\fontmanager.dll
0x00007ff84fac0000 - 0x00007ff84fcd8000 	C:\Windows\system32\d3d9.dll
0x00007ff873610000 - 0x00007ff873768000 	C:\Windows\SYSTEM32\aticfx64.dll
0x00007ff84fa90000 - 0x00007ff84fab1000 	C:\Windows\SYSTEM32\atiu9p64.dll
0x00007ff84f250000 - 0x00007ff84fa8f000 	C:\Windows\SYSTEM32\atiumd64.dll
0x00000000755f0000 - 0x0000000075e52000 	C:\Windows\SYSTEM32\atiumd6a.dll
0x00007ff877cf0000 - 0x00007ff877d34000 	C:\Windows\SYSTEM32\POWRPROF.dll
0x00007ff879220000 - 0x00007ff8792cb000 	C:\Windows\system32\clbcatq.dll
0x00007ff873c70000 - 0x00007ff873e1f000 	C:\Windows\SYSTEM32\WindowsCodecs.dll
0x00007ff8776b0000 - 0x00007ff8776c6000 	C:\Windows\system32\CRYPTSP.dll
0x00007ff8772c0000 - 0x00007ff8772f3000 	C:\Windows\system32\rsaenh.dll
0x00007ff8747d0000 - 0x00007ff8747e8000 	C:\Windows\system32\dataexchange.dll
0x00007ff871940000 - 0x00007ff871b7e000 	C:\Windows\system32\DWrite.dll
0x00007ff86e430000 - 0x00007ff86e8fe000 	C:\Windows\system32\d2d1.dll
0x00007ff873770000 - 0x00007ff8739ad000 	C:\Windows\system32\d3d11.dll
0x00007ff866250000 - 0x00007ff866311000 	C:\Windows\system32\TWINAPI.dll
0x00007ff8767f0000 - 0x00007ff876877000 	C:\Windows\system32\dcomp.dll
0x00007ff873b30000 - 0x00007ff873bc2000 	C:\Windows\system32\dxgi.dll
0x00007ff876880000 - 0x00007ff87693e000 	C:\Windows\system32\twinapi.appcore.dll
0x0000000074810000 - 0x000000007482a000 	C:\Program Files\Java\jdk1.8.0_40\jre\bin\net.dll
0x00007ff877650000 - 0x00007ff8776a8000 	C:\Windows\system32\mswsock.dll
0x00000000747f0000 - 0x0000000074801000 	C:\Program Files\Java\jdk1.8.0_40\jre\bin\nio.dll
0x00000000745b0000 - 0x00000000745f1000 	C:\Program Files\Java\jdk1.8.0_40\jre\bin\t2k.dll
0x0000000074580000 - 0x00000000745aa000 	C:\Program Files\Java\jdk1.8.0_40\jre\bin\dcpr.dll
0x00007ff8773b0000 - 0x00007ff877450000 	C:\Windows\SYSTEM32\DNSAPI.dll
0x00007ff870a40000 - 0x00007ff870a4a000 	C:\Windows\System32\rasadhlp.dll
0x00007ff8720e0000 - 0x00007ff872146000 	C:\Windows\System32\fwpuclnt.dll
0x00007ff86ae30000 - 0x00007ff86ae45000 	C:\Windows\system32\napinsp.dll
0x00007ff86ae10000 - 0x00007ff86ae2a000 	C:\Windows\system32\pnrpnsp.dll
0x00007ff875cf0000 - 0x00007ff875d08000 	C:\Windows\system32\NLAapi.dll
0x00007ff86ae00000 - 0x00007ff86ae0d000 	C:\Windows\System32\winrnr.dll
0x00007ff8765b0000 - 0x00007ff8765e7000 	C:\Windows\SYSTEM32\IPHLPAPI.DLL
0x00007ff8765a0000 - 0x00007ff8765ab000 	C:\Windows\SYSTEM32\WINNSI.DLL
0x00007ff877450000 - 0x00007ff87746f000 	C:\Windows\SYSTEM32\USERENV.dll
0x00007ff8726c0000 - 0x00007ff8726d6000 	C:\Windows\SYSTEM32\dhcpcsvc6.DLL
0x00007ff871dd0000 - 0x00007ff871dea000 	C:\Windows\SYSTEM32\dhcpcsvc.DLL
0x00007ff86dac0000 - 0x00007ff86dc5b000 	C:\Windows\SYSTEM32\dbghelp.dll

VM Arguments:
jvm_args: -Dfile.encoding=UTF-8 
java_command: sor.galeriaarte.Login
java_class_path (initial): F:\SOR Project\GaleriaArteJava\GaleriaArte\gson-2.3.jar;F:\SOR Project\GaleriaArteJava\GaleriaArte\DateChooser.jar;F:\SOR Project\GaleriaArteJava\GaleriaArte\jdatepicker-1.3.4.jar;F:\SOR Project\GaleriaArteJava\GaleriaArte\activemq-all-5.11-SNAPSHOT.jar;F:\SOR Project\GaleriaArteJava\GaleriaArte\joda-time-2.7.jar;F:\SOR Project\GaleriaArteJava\GaleriaArte\build\classes
Launcher Type: SUN_STANDARD

Environment Variables:
JAVA_HOME=C:\Program Files\Java\jdk1.7.0_75
PATH=C:\ProgramData\Oracle\Java\javapath;C:\Program Files (x86)\NVIDIA Corporation\PhysX\Common;C:\Windows\system32;C:\Windows;C:\Windows\System32\Wbem;C:\Windows\System32\WindowsPowerShell\v1.0\;C:\Program Files (x86)\AMD\ATI.ACE\Core-Static;C:\Program Files\Calibre2\;C:\Program Files (x86)\ATI Technologies\ATI.ACE\Core-Static;C:\Users\VÌctorManuel\AppData\Local\.meteor;C:\Program Files (x86)\OpenVPN\bin
USERNAME=ShadowLink
OS=Windows_NT
PROCESSOR_IDENTIFIER=AMD64 Family 16 Model 10 Stepping 0, AuthenticAMD



---------------  S Y S T E M  ---------------

OS: Windows 10.0 , 64 bit Build 9926 (10.0.9926.0)

CPU:total 6 (6 cores per cpu, 1 threads per core) family 16 model 10 stepping 0, cmov, cx8, fxsr, mmx, sse, sse2, sse3, popcnt, mmxext, 3dnowpref, lzcnt, sse4a, tsc, tscinvbit, tscinv

Memory: 4k page, physical 8386676k(3803816k free), swap 9697396k(2566696k free)

vm_info: Java HotSpot(TM) 64-Bit Server VM (25.40-b25) for windows-amd64 JRE (1.8.0_40-b25), built on Feb 10 2015 21:53:57 by "java_re" with MS VC++ 10.0 (VS2010)

time: Fri Mar 06 12:31:47 2015
elapsed time: 25 seconds (0d 0h 0m 25s)

